🔄 开始持续监控部署状态
====================
生产 URL: https://studio--studio-1269295870-5fde0.us-central1.hosted.app
检查间隔: 120秒
最大尝试次数: 30

📊 [尝试 1/30] 2025-10-04 00:15:56
----------------------------------------
1️⃣  检查部署状态...
   部署时间: 21:27:36 [90m│[39m
   📝 初始部署时间: 21:27:36 [90m│[39m

⏰ 等待 120 秒后再次检查...

📊 [尝试 2/30] 2025-10-04 00:18:05
----------------------------------------
1️⃣  检查部署状态...
   部署时间: 21:27:36 [90m│[39m
   ⏳ 等待新的部署...

⏰ 等待 120 秒后再次检查...

📊 [尝试 3/30] 2025-10-04 00:20:13
----------------------------------------
1️⃣  检查部署状态...
   部署时间: 21:27:36 [90m│[39m
   ⏳ 等待新的部署...

⏰ 等待 120 秒后再次检查...

📊 [尝试 4/30] 2025-10-04 00:22:20
----------------------------------------
1️⃣  检查部署状态...
   部署时间: 21:27:36 [90m│[39m
   ⏳ 等待新的部署...

⏰ 等待 120 秒后再次检查...

📊 [尝试 5/30] 2025-10-04 00:24:33
----------------------------------------
1️⃣  检查部署状态...
   部署时间: 21:27:36 [90m│[39m
   ⏳ 等待新的部署...

⏰ 等待 120 秒后再次检查...

📊 [尝试 6/30] 2025-10-04 00:26:40
----------------------------------------
1️⃣  检查部署状态...
   部署时间: 21:27:36 [90m│[39m
   ⏳ 等待新的部署...

⏰ 等待 120 秒后再次检查...

📊 [尝试 7/30] 2025-10-04 00:28:48
----------------------------------------
1️⃣  检查部署状态...
   部署时间: 21:27:36 [90m│[39m
   ⏳ 等待新的部署...

⏰ 等待 120 秒后再次检查...

📊 [尝试 8/30] 2025-10-04 00:30:57
----------------------------------------
1️⃣  检查部署状态...
   部署时间: 21:27:36 [90m│[39m
   ⏳ 等待新的部署...

⏰ 等待 120 秒后再次检查...

📊 [尝试 9/30] 2025-10-04 00:33:04
----------------------------------------
1️⃣  检查部署状态...
   部署时间: 21:27:36 [90m│[39m
   ⏳ 等待新的部署...

⏰ 等待 120 秒后再次检查...

📊 [尝试 10/30] 2025-10-04 00:35:13
----------------------------------------
1️⃣  检查部署状态...
   部署时间: 21:27:36 [90m│[39m
   ⏳ 等待新的部署...

⏰ 等待 120 秒后再次检查...

📊 [尝试 11/30] 2025-10-04 00:37:20
----------------------------------------
1️⃣  检查部署状态...
   部署时间: 21:27:36 [90m│[39m
   ⏳ 等待新的部署...

⏰ 等待 120 秒后再次检查...

📊 [尝试 12/30] 2025-10-04 00:39:27
----------------------------------------
1️⃣  检查部署状态...
   部署时间: 21:27:36 [90m│[39m
   ⏳ 等待新的部署...

⏰ 等待 120 秒后再次检查...

📊 [尝试 13/30] 2025-10-04 00:41:44
----------------------------------------
1️⃣  检查部署状态...
   部署时间: 21:27:36 [90m│[39m
   ⏳ 等待新的部署...

⏰ 等待 120 秒后再次检查...

📊 [尝试 14/30] 2025-10-04 00:43:56
----------------------------------------
1️⃣  检查部署状态...
   部署时间: 21:27:36 [90m│[39m
   ⏳ 等待新的部署...

⏰ 等待 120 秒后再次检查...

📊 [尝试 15/30] 2025-10-04 00:46:04
----------------------------------------
1️⃣  检查部署状态...
   部署时间: 21:27:36 [90m│[39m
   ⏳ 等待新的部署...

⏰ 等待 120 秒后再次检查...

📊 [尝试 16/30] 2025-10-04 00:48:12
----------------------------------------
1️⃣  检查部署状态...
   部署时间: 21:27:36 [90m│[39m
   ⏳ 等待新的部署...

⏰ 等待 120 秒后再次检查...

📊 [尝试 17/30] 2025-10-04 00:50:23
----------------------------------------
1️⃣  检查部署状态...
   部署时间: 21:27:36 [90m│[39m
   ⏳ 等待新的部署...

⏰ 等待 120 秒后再次检查...

📊 [尝试 18/30] 2025-10-04 00:52:32
----------------------------------------
1️⃣  检查部署状态...
   部署时间: 21:27:36 [90m│[39m
   ⏳ 等待新的部署...

⏰ 等待 120 秒后再次检查...

📊 [尝试 19/30] 2025-10-04 00:54:41
----------------------------------------
1️⃣  检查部署状态...
   部署时间: 21:27:36 [90m│[39m
   ⏳ 等待新的部署...

⏰ 等待 120 秒后再次检查...

📊 [尝试 20/30] 2025-10-04 00:56:48
----------------------------------------
1️⃣  检查部署状态...
   部署时间: 21:27:36 [90m│[39m
   ⏳ 等待新的部署...

⏰ 等待 120 秒后再次检查...

📊 [尝试 21/30] 2025-10-04 00:58:56
----------------------------------------
1️⃣  检查部署状态...
   部署时间: 21:27:36 [90m│[39m
   ⏳ 等待新的部署...

⏰ 等待 120 秒后再次检查...

📊 [尝试 22/30] 2025-10-04 01:01:07
----------------------------------------
1️⃣  检查部署状态...
   部署时间: 21:27:36 [90m│[39m
   ⏳ 等待新的部署...

⏰ 等待 120 秒后再次检查...

📊 [尝试 23/30] 2025-10-04 01:03:16
----------------------------------------
1️⃣  检查部署状态...
   部署时间: 21:27:36 [90m│[39m
   ⏳ 等待新的部署...

⏰ 等待 120 秒后再次检查...

📊 [尝试 24/30] 2025-10-04 01:35:26
----------------------------------------
1️⃣  检查部署状态...
   部署时间: 21:27:36 [90m│[39m
   ⏳ 等待新的部署...

⏰ 等待 120 秒后再次检查...

📊 [尝试 25/30] 2025-10-04 01:37:38
----------------------------------------
1️⃣  检查部署状态...
   部署时间: 21:27:36 [90m│[39m
   ⏳ 等待新的部署...

⏰ 等待 120 秒后再次检查...

📊 [尝试 26/30] 2025-10-04 01:39:50
----------------------------------------
1️⃣  检查部署状态...
   部署时间: 21:27:36 [90m│[39m
   ⏳ 等待新的部署...

⏰ 等待 120 秒后再次检查...

📊 [尝试 27/30] 2025-10-04 02:11:58
----------------------------------------
1️⃣  检查部署状态...
   部署时间: 21:27:36 [90m│[39m
   ⏳ 等待新的部署...

⏰ 等待 120 秒后再次检查...

📊 [尝试 28/30] 2025-10-04 02:14:12
----------------------------------------
1️⃣  检查部署状态...
   部署时间: 21:27:36 [90m│[39m
   ⏳ 等待新的部署...

⏰ 等待 120 秒后再次检查...

📊 [尝试 29/30] 2025-10-04 02:16:24
----------------------------------------
1️⃣  检查部署状态...
   部署时间: 21:27:36 [90m│[39m
   ⏳ 等待新的部署...

⏰ 等待 120 秒后再次检查...

📊 [尝试 30/30] 2025-10-04 02:48:31
----------------------------------------
1️⃣  检查部署状态...
   部署时间: 21:27:36 [90m│[39m
   ⏳ 等待新的部署...

⏰ 监控超时（30 次尝试）

建议：
1. 检查 Firebase Console 的构建日志
2. 手动触发重新部署
3. 检查代码是否有错误

