
=== Deploying to 'studio-1269295870-5fde0'...

i  deploying functions
i  functions: preparing codebase default for deployment
i  functions: ensuring required API cloudfunctions.googleapis.com is enabled...
i  functions: ensuring required API cloudbuild.googleapis.com is enabled...
i  artifactregistry: ensuring required API artifactregistry.googleapis.com is enabled...
⚠  functions: package.json indicates an outdated version of firebase-functions. Please upgrade using npm install --save firebase-functions@latest in your functions directory.
⚠  functions: Please note that there will be breaking changes when you upgrade.
i  functions: Loading and analyzing source code for codebase default to determine what to deploy
Serving at port 8904

i  extensions: ensuring required API firebaseextensions.googleapis.com is enabled...
i  functions: preparing functions directory for uploading...
i  functions: packaged /Users/mike/pod.style/functions (65.82 KB) for uploading
i  functions: packaged /Users/mike/pod.style/functions (66.04 KB) for uploading
i  functions: ensuring required API cloudscheduler.googleapis.com is enabled...
i  functions: ensuring required API cloudtasks.googleapis.com is enabled...
i  functions: ensuring required API run.googleapis.com is enabled...
i  functions: ensuring required API eventarc.googleapis.com is enabled...
i  functions: ensuring required API pubsub.googleapis.com is enabled...
i  functions: ensuring required API storage.googleapis.com is enabled...
i  functions: generating the service identity for pubsub.googleapis.com...
i  functions: generating the service identity for eventarc.googleapis.com...
✔  functions: functions source uploaded successfully
i  functions: creating Node.js 20 (2nd Gen) function renderPrintReadyWorker(us-central1)...
i  functions: updating Node.js 20 (1st Gen) function processStorageCleanupQueue(us-central1)...
i  functions: updating Node.js 20 (1st Gen) function updatePersonalizedFeedCache(us-central1)...
i  functions: updating Node.js 20 (1st Gen) function reprocessFeedCache(us-central1)...
i  functions: updating Node.js 20 (1st Gen) function createPaymentIntent(us-central1)...
i  functions: updating Node.js 20 (1st Gen) function handleStripeWebhook(us-central1)...
i  functions: updating Node.js 20 (1st Gen) function downloadOrderAsset(us-central1)...
i  functions: updating Node.js 20 (1st Gen) function factoryStatusCallback(us-central1)...
i  functions: updating Node.js 20 (1st Gen) function previewModeration(us-central1)...
⚠  functions: failed to update function projects/studio-1269295870-5fde0/locations/us-central1/functions/processStorageCleanupQueue
Failed to update function projects/studio-1269295870-5fde0/locations/us-central1/functions/processStorageCleanupQueue
⚠  functions: Request to https://cloudfunctions.googleapis.com/v2/projects/studio-1269295870-5fde0/locations/us-central1/functions?functionId=renderPrintReadyWorker had HTTP Error: 409, Resource 'projects/studio-1269295870-5fde0/locations/us-central1/functions/renderPrintReadyWorker' already exists
⚠  functions:  failed to create function projects/studio-1269295870-5fde0/locations/us-central1/functions/renderPrintReadyWorker
